The CXX compiler identification could not be found in "D:/code/algorithms/build_ninja/CMakeFiles/3.13.1/CompilerIdCXX/a.exe"

Detecting CXX compiler ABI info failed to compile with the following output:
Change Dir: D:/code/algorithms/build_ninja/CMakeFiles/CMakeTmp

Run Build Command:"C:/ninja-win/ninja.exe" "cmTC_41458"
[1/2] Building CXX object CMakeFiles/cmTC_41458.dir/CMakeCXXCompilerABI.cpp.obj
[2/2] Linking CXX executable cmTC_41458.exe
Using built-in specs.
COLLECT_GCC=C:\MinGW\bin\c++.exe
COLLECT_LTO_WRAPPER=c:/mingw/bin/../libexec/gcc/mingw32/6.3.0/lto-wrapper.exe
Target: mingw32
Configured with: ../src/gcc-6.3.0/configure --build=x86_64-pc-linux-gnu --host=mingw32 --with-gmp=/mingw --with-mpfr=/mingw --with-mpc=/mingw --with-isl=/mingw --prefix=/mingw --disable-win32-registry --target=mingw32 --with-arch=i586 --enable-languages=c,c++,objc,obj-c++,fortran,ada --with-pkgversion='MinGW.org GCC-6.3.0-1' --enable-static --enable-shared --enable-threads --with-dwarf2 --disable-sjlj-exceptions --enable-version-specific-runtime-libs --with-libiconv-prefix=/mingw --with-libintl-prefix=/mingw --enable-libstdcxx-debug --with-tune=generic --enable-libgomp --disable-libvtv --enable-nls
Thread model: win32
gcc version 6.3.0 (MinGW.org GCC-6.3.0-1) 
COMPILER_PATH=c:/mingw/bin/../libexec/gcc/mingw32/6.3.0/;c:/mingw/bin/../libexec/gcc/;c:/mingw/bin/../lib/gcc/mingw32/6.3.0/../../../../mingw32/bin/
LIBRARY_PATH=c:/mingw/bin/../lib/gcc/mingw32/6.3.0/;c:/mingw/bin/../lib/gcc/;c:/mingw/bin/../lib/gcc/mingw32/6.3.0/../../../../mingw32/lib/;c:/mingw/bin/../lib/gcc/mingw32/6.3.0/../../../
COLLECT_GCC_OPTIONS='-v' '-o' 'cmTC_41458.exe' '-shared-libgcc' '-mtune=generic' '-march=i586'
 c:/mingw/bin/../libexec/gcc/mingw32/6.3.0/collect2.exe -plugin c:/mingw/bin/../libexec/gcc/mingw32/6.3.0/liblto_plugin-0.dll -plugin-opt=c:/mingw/bin/../libexec/gcc/mingw32/6.3.0/lto-wrapper.exe -plugin-opt=-fresolution=C:\Users\vkaruppa.AMD\AppData\Local\Temp\ccFJnszo.res -plugin-opt=-pass-through=-lmingw32 -plugin-opt=-pass-through=-lgcc_s -plugin-opt=-pass-through=-lgcc -plugin-opt=-pass-through=-lmoldname -plugin-opt=-pass-through=-lmingwex -plugin-opt=-pass-through=-lmsvcrt -plugin-opt=-pass-through=-ladvapi32 -plugin-opt=-pass-through=-lshell32 -plugin-opt=-pass-through=-luser32 -plugin-opt=-pass-through=-lkernel32 -plugin-opt=-pass-through=-lmingw32 -plugin-opt=-pass-through=-lgcc_s -plugin-opt=-pass-through=-lgcc -plugin-opt=-pass-through=-lmoldname -plugin-opt=-pass-through=-lmingwex -plugin-opt=-pass-through=-lmsvcrt -Bdynamic -u ___register_frame_info -u ___deregister_frame_info -o cmTC_41458.exe c:/mingw/bin/../lib/gcc/mingw32/6.3.0/../../../crt2.o c:/mingw/bin/../lib/gcc/mingw32/6.3.0/crtbegin.o -Lc:/mingw/bin/../lib/gcc/mingw32/6.3.0 -Lc:/mingw/bin/../lib/gcc -Lc:/mingw/bin/../lib/gcc/mingw32/6.3.0/../../../../mingw32/lib -Lc:/mingw/bin/../lib/gcc/mingw32/6.3.0/../../.. CMakeFiles/cmTC_41458.dir/CMakeCXXCompilerABI.cpp.obj --out-implib libcmTC_41458.dll.a --major-image-version 0 --minor-image-version 0 -lstdc++ -lmingw32 -lgcc_s -lgcc -lmoldname -lmingwex -lmsvcrt -ladvapi32 -lshell32 -luser32 -lkernel32 -lmingw32 -lgcc_s -lgcc -lmoldname -lmingwex -lmsvcrt c:/mingw/bin/../lib/gcc/mingw32/6.3.0/crtend.o
COLLECT_GCC_OPTIONS='-v' '-o' 'cmTC_41458.exe' '-shared-libgcc' '-mtune=generic' '-march=i586'

Cannot copy output executable
  'D:/code/algorithms/build_ninja/CMakeFiles/CMakeTmp/cmTC_41458.exe'
to destination specified by COPY_FILE:
  'D:/code/algorithms/build_ninja/CMakeFiles/3.13.1/CMakeDetermineCompilerABI_CXX.bin'


